<?xml version="1.0" encoding="UTF-8"?>
<testsuite xmlns:xsi="http://www.w3.org/2001/XMLSchema-instance" xsi:noNamespaceSchemaLocation="https://maven.apache.org/surefire/maven-surefire-plugin/xsd/surefire-test-report-3.0.xsd" version="3.0" name="org.ioc.con.pru.ProductoDAOTest" time="0.118" tests="5" errors="0" skipped="0" failures="0">
  <properties>
[...]
</properties>
  <testcase name="updateProducto" classname="org.ioc.con.pru.ProductoDAOTest" time="0.085">
    <system-out><![CDATA[Entra en la funcion createProducto DAO
El producto se ha añadido correctamente
Entra en la funcion createProducto DAO
El producto se ha añadido correctamente
]]></system-out>
  </testcase>
  <testcase name="createUser" classname="org.ioc.con.pru.ProductoDAOTest" time="0.002">
    <system-out><![CDATA[Entra en la funcion createProducto DAO
El producto se ha añadido correctamente
]]></system-out>
  </testcase>
  <testcase name="findUserByEmail" classname="org.ioc.con.pru.ProductoDAOTest" time="0.002"/>
  <testcase name="deleteUser" classname="org.ioc.con.pru.ProductoDAOTest" time="0.006">
    <system-out><![CDATA[Entra en la funcion createProducto DAO
El producto se ha añadido correctamente
Esta es la query que elimina DELETE FROM productos WHERE id = 3
]]></system-out>
    <system-err><![CDATA[org.h2.jdbc.JdbcSQLException: Column "USERNAME" not found; SQL statement:
select * from productos where username ='nada' [42122-190]
	at org.h2.message.DbException.getJdbcSQLException(DbException.java:345)
	at org.h2.message.DbException.get(DbException.java:179)
	at org.h2.message.DbException.get(DbException.java:155)
	at org.h2.expression.ExpressionColumn.optimize(ExpressionColumn.java:147)
	at org.h2.expression.Comparison.optimize(Comparison.java:178)
	at org.h2.command.dml.Select.prepare(Select.java:838)
	at org.h2.command.Parser.prepareCommand(Parser.java:246)
	at org.h2.engine.Session.prepareLocal(Session.java:460)
	at org.h2.engine.Session.prepareCommand(Session.java:402)
	at org.h2.jdbc.JdbcConnection.prepareCommand(JdbcConnection.java:1188)
	at org.h2.jdbc.JdbcStatement.executeQuery(JdbcStatement.java:73)
	at dwes.proyecto1.model.ProductoDAO.executeQuery(ProductoDAO.java:150)
	at dwes.proyecto1.model.ProductoDAO.findUniqueResult(ProductoDAO.java:129)
	at dwes.proyecto1.model.ProductoDAO.findUserByUsername(ProductoDAO.java:103)
	at dwes.proyecto1.model.ProductoDAO.createOrUpdateUser(ProductoDAO.java:98)
	at dwes.proyecto1.model.ProductoDAO.deleteProductos(ProductoDAO.java:46)
	at org.ioc.con.pru.ProductoDAOTest.deleteUser(ProductoDAOTest.java:96)
	at java.base/jdk.internal.reflect.DirectMethodHandleAccessor.invoke(DirectMethodHandleAccessor.java:103)
	at java.base/java.lang.reflect.Method.invoke(Method.java:580)
	at org.junit.runners.model.FrameworkMethod$1.runReflectiveCall(FrameworkMethod.java:50)
	at org.junit.internal.runners.model.ReflectiveCallable.run(ReflectiveCallable.java:12)
	at org.junit.runners.model.FrameworkMethod.invokeExplosively(FrameworkMethod.java:47)
	at org.junit.internal.runners.statements.InvokeMethod.evaluate(InvokeMethod.java:17)
	at org.junit.internal.runners.statements.RunBefores.evaluate(RunBefores.java:26)
	at org.junit.internal.runners.statements.RunAfters.evaluate(RunAfters.java:27)
	at org.junit.runners.ParentRunner.runLeaf(ParentRunner.java:325)
	at org.junit.runners.BlockJUnit4ClassRunner.runChild(BlockJUnit4ClassRunner.java:78)
	at org.junit.runners.BlockJUnit4ClassRunner.runChild(BlockJUnit4ClassRunner.java:57)
	at org.junit.runners.ParentRunner$3.run(ParentRunner.java:290)
	at org.junit.runners.ParentRunner$1.schedule(ParentRunner.java:71)
	at org.junit.runners.ParentRunner.runChildren(ParentRunner.java:288)
	at org.junit.runners.ParentRunner.access$000(ParentRunner.java:58)
	at org.junit.runners.ParentRunner$2.evaluate(ParentRunner.java:268)
	at org.junit.runners.ParentRunner.run(ParentRunner.java:363)
	at org.apache.maven.surefire.junit4.JUnit4Provider.execute(JUnit4Provider.java:316)
	at org.apache.maven.surefire.junit4.JUnit4Provider.executeWithRerun(JUnit4Provider.java:240)
	at org.apache.maven.surefire.junit4.JUnit4Provider.executeTestSet(JUnit4Provider.java:214)
	at org.apache.maven.surefire.junit4.JUnit4Provider.invoke(JUnit4Provider.java:155)
	at org.apache.maven.surefire.booter.ForkedBooter.runSuitesInProcess(ForkedBooter.java:385)
	at org.apache.maven.surefire.booter.ForkedBooter.execute(ForkedBooter.java:162)
	at org.apache.maven.surefire.booter.ForkedBooter.run(ForkedBooter.java:507)
	at org.apache.maven.surefire.booter.ForkedBooter.main(ForkedBooter.java:495)
]]></system-err>
  </testcase>
  <testcase name="findAllUsers" classname="org.ioc.con.pru.ProductoDAOTest" time="0.002"/>
</testsuite>